..... Main
..... receive target {8101, False, "To be or not to be, that is the question"}
..... receive try {8101, False, 2000, 40, 80, 2, 0}
..... GeneticAlgorithm {8101, False, 2000, 40, 80, 2, 0}
===== 0 36
3oP{.Iy'%\:z&x'kb@4 I!"l,U4,plfIV>eIKX3y
===== 2 35
[V7_upoNcpBtincx2;,\3Ctt(.;u\h<2H_LK5]8W
===== 4 33
3o{be1oNcpBtincx2;,\3Ct f;}:;w7Ox>o~Ai.&
===== 5 32
T,`I@0o@npBtincx2;,\3Ctt(.;u\h<25Kus(eoZ
===== 9 31
cMLC8,Cr5nF,XI! b{  yJJ1eyV-tOT^qePs(eoZ
===== 10 30
3oL>.]o4 ZfK!$q {eB^|mahd<sUsAt^qePs(eOn
===== 11 29
3o{be8o4 _^!:I! b{  yJ""C2MGt48GqSRs@fc7
===== 13 28
}o{be 4`I5o3:I! b{,.1CtHC2MGt#Z P~ws(eoZ
===== 15 27
3o{be]o4 Zf[!=q {e" yJJ8D{( tve|P~ws(eoZ
===== 17 26
To{be8o8[nLN_d! b{  ytateyV-t#=Y8Kus(eoZ
===== 18 25
}o{be 4r5nn,:I! b{  _h*q!osN,Dl^qeest6i:
===== 21 24
}o{be1#?\nnt I! b{  zh&c ks_=%e:5unsUAkn
===== 22 23
3o{be o4 nnt I! b{  zh&c k)S04e|P~ws(eoZ
===== 25 22
3o{be o4 nnt I! b{ ;Dh.t(.s|t48 P~us(doZ
===== 26 21
To{be 2r]5o32$! b{  _h*td<s tve|`gesI@oL
===== 27 19
To{be o6 nou |$Db{  ytate{( tvqGqfes(eon
===== 32 18
To{be o6 nou |! bM, (9ate<set4Uwq|es(iI:
===== 33 17
To{be o6 nou to b{  zh&c k( tvqGqfes(eoZ
===== 36 16
To{be o4 nou =r b;, ytate)( thK EUest6oZ
===== 38 15
To{be or not to b!, (9atK<VTuhqGqfes(eoZ
===== 41 14
To{be o6 not $o b{  zh&c <s th<_Puest6oZ
===== 42 13
To{be or]nou >o b!, zh&c ks thT PUeswion
===== 43 12
To b3 o6 nou to bf, yh*td<s tve|`gestion
===== 47 11
To be oC Snt to beB yhaB 6s tve q|esI@on
===== 48 10
To{be or nnt I! be  tJat ks th< qees(ion
===== 53 9
To be o4 not to b{  ytate)( the q|estion
===== 54 7
To{be o4 not >o b{, zhat <s the q1estion
===== 55 5
To{be or not to be" yhat <s the q1estion
===== 64 4
To{be or not to bf, yhat <s the question
===== 67 3
To be or not to b!, Phat <s the question
===== 71 2
To be or not to be, Phat <s the question
===== 79 1
To be or not to be, that <s the question
===== 159 0
To be or not to be, that is the question
