..... Main
..... receive target {8101, False, "It goes like this, the fourth, the fifth; The minor falls, the major lifts"}
..... receive try {8101, False, 2000, 74, 80, 2, 0}
..... GeneticAlgorithm {8101, False, 2000, 74, 80, 2, 0}
===== 0 69
lP|5P\d1T]MED_ErlRE?hUT:?A P 3::]PCa-&t^&.TkVPJa_}bXjEV7zbt.\30@B3gr<cdf]f
===== 1 68
SWvg<MPR+Hk&24K^*9+,-h+=,\l`00w=vkI@tf`A~kY8eKC|;mD6Jseln6BF`Y1hTujozEi-`8
===== 3 67
/pKgg[sF3FkH5EHRe0)?V_YFeHvjMfatO`l7%At++{/=F,\,D;T@[HVqacv'mRxmOeJZJEi-`8
===== 5 66
QrX We1?(e>x8Nl:(t,;OVN>y9%-{zE`hp w:hS;-_Pi 9mT\*'_fc-B",k`rj \&Cvrz&~,yU
===== 6 64
~cFRo53o\<L};[1yy,Wy\O <J?r=gB&):J8!sf{#^T)L)`mmFFlkfc-B;,k`rj \&Cvrz&~,yU
===== 7 63
]t ]Vec=CH%DUG9fF,Wy\O <J?rF"E{NhDG|i8`ogqMjFqY5xomE/aVxO,ELI1b/qmN0'P>t38
===== 9 62
O` koozFv7wRPZhX{,Wy\O <J?rF"Ey6]%M=`S&h"Y3C 9mT\*'_fc-B",k`rj \&Cvrz&~,yU
===== 12 61
/pKgg[sF3FktNX1yy,Wy\O <J?rF"E{Nhg\a2dt.` iD)1FFnoZlUW7;U**.f00@B3gr<cdf]f
===== 14 59
i_Wkle~ #ikHPZhX{,WCh{ b<ui`jr p"PJs)Nb0r"hee]8N(oQ5:selx3~WTj \&Cvrz&f>Zy
===== 15 57
i_Wkle~ #ikHPZhX{,WCh{ b<ui`jr p"PJs)Nb0r"hee]8N(o\5:selx3~WjeamEj]f4<o\Ts
===== 21 56
IE/:oe[ilJk#n)h?YA[#h{ b<uiIK}>tAOXrisGh"Y3C 9mT\*'_fc-B",kUhLXFgw#rSl#/%/
===== 24 53
 9 ?DerT*Cqe )h?YA[#h{ [oui`jzdKnU Fi*"S;[&reMnjPo 2bayl",k`rj \&Cgr<cdftU
===== 27 52
]t gg[sF3Fkt;[1yy,Wy\O <ou+`j4>t",*ti*zX;{NrI FqnoZlfc-B",k`rj \&C%r<ciuts
===== 28 50
O` koesF3Fke F\yy,WN"x bQ`~t[EdthDG|ijY9 h+meKmTnoZ2bayl",k`rj \&Cgr<cdftE
===== 31 49
O` koesF3Fke F\yy,WN"x bQ`~t[EdthDG|ijY9 h+meKmTnoZ2bayl",k`rj \&Cgr<Aift2
===== 34 47
]t ]o`sFlJk#5Eh?YA[#h{ b<u;IMfathDGti8t3#~T.e]9i$o  faylH,k`rj \&Cgr<cdft2
===== 37 46
]t gge[ EiFI Xi4s,Wyh{ [oui`h{?tm* Fi*"S;[&rI FqnoZlfc-B",k`rj \&C%r<ciuts
===== 38 45
]t gge[ EiFI Xi4s,Wyh{ [oui`h{?tm* Fi*"S;[&rI Fqno 2ba1Ash trj /B3gr<jiut2
===== 41 43
]t gge[ EiFI Xi4s,Wyh{ [oui`h{?tm* Fi*"S;[&rI Fqno 2ba1Ash t!e \&H+rzjiuts
===== 43 41
]t gge[ lJk#*thp8A[#h{ Ao?rF"@.Che Fi*"2FlT.e]9ino Jfa!Xth oh$ _A(or(lOfts
===== 47 39
O` koe~ lFk}5Ehis,Wyh{ [our`jfathU FidtXm TkX `pnomEbaylsh trj \&Cjrzjiuts
===== 51 38
It :oe~ lJk#*tPYsl4th{ boui`h{?tm* Fi*tXm TkX `ifoFwMay*sh oh$ _A(or(lOfts
===== 53 37
]t goe[<RJke Ehiy<W#h{ b<uDBh{athe ,idt.; MrI FpnoA_fayls+NV$e _A(or(lOfts
===== 54 36
]t goos E3qe EhiYA[#h) [o_?th6.Che Filth; HtW Iino'2bayl", Yre \&j%r<cdfts
===== 56 34
It :oe~ lJk#*tPYsl4th{ [o_?thE|[hD Filth; TkX `ino _faylsh trj Za3#rBcdfts
===== 57 33
It :oe~ lJk#*tPYsl4th{ [o_?thE|[hD Filth; TkX `ino _faylsh trj ZA(or(lOfts
===== 61 32
It :oe~ lJk#*tPYsl4th{ [o_?thE|[hD Filth; TkX `ino _faylsh tre \A(or(liftE
===== 62 31
]t goesF3ike FPYsl4th{ [o_?thE|[hD Filth; TkX `ino _faylsh tre \A(or(liftE
===== 63 30
It goe[ EiFI thyy,Pyh{ [ou&#h@.thD Filth; TkX `ino _faylsh tre \A(or(liftE
===== 65 29
]t goesFlFke )h4s,Wyh{ [o$rth6.Che Filth; HtW Iino  faylsh trj ZA(or(liuts
===== 66 28
It goesFlJke thyy,Wyh{ [ouzth@.Che Fidth; HtW Ii$o  faylH, trj Ha(or(liuts
===== 70 26
It goe[ RFke this, #hO bou&Ih@.Che Filth; TkX `ino _faylH, trj Za3#r(lifts
===== 74 24
It goes like Ehis,Wyh{ fmzzth4>the Filth; Tk/ `inom2bayls, treZFgjor(lOfts
===== 77 23
It goe~ Rike Ehis,Wyh{ fmzzth4>the Filth; TkX mino  fayls, trj \Tjor<lOfts
===== 78 22
It goes lFke thyy,C#h{ foui`jr the Filth; TkX mino  fayls, trj \Tjor<lOfts
===== 82 20
It goes lJke tPis, ?h{ bou?th@>the Fi&th; Tte mjnoZ faVlsh trj Ha(or(lifts
===== 86 17
It goes like Ehis,Wyh{ fouithEdthe Fi&th; T.e mino _fayls, t$e Ha(or(lifts
===== 92 16
It goes like this, #h) fou?th6>the Filth; T.X mino  fayls, tre @a(ordlOfts
===== 97 15
It goes lFke this, th{ foui`hT|the Filth; Tke mino  fayls, t$e \Tjor<lifts
===== 98 14
It goes like this, #h) fou?th6.the Fidth; Tke mino  fayls, t>e \a(or&lifts
===== 102 13
It goes like this, thq foui`hE the Filth; T.e mino  fayls, t$e \Tjor&lifts
===== 104 12
It goes lFke this, th{ fourth4>the Fifth; Hte mino  fayls, tre /ajor(lifts
===== 107 11
It goes like this, th{ fouithE the Filth; T.e mino  fayls, tre /ajor(lifts
===== 112 10
It goes like this, th{ fourthT the Filth; Tte minoZ fayls, tre /ajor(lifts
===== 118 9
It goes like this, th{ fourth{ the Fifth; Tke mino  fayls, t$e \ajor(lifts
===== 136 8
It goes like this, th{ fourth{ the fifth; Tke minoZ fayls, t!e Hajor(lifts
===== 167 7
It goes like this, thq fourth, the Fifth; T.e mino  fayls, t!e /ajor lifts
===== 234 6
It goes like this, thq fourth, the Fifth; Tke minor fayls, t!e \ajor lifts
===== 337 5
It goes like this, th{ fourth, the Fifth; T.e minor falls, t!e /ajor lifts
===== 358 4
It goes like this, th{ fourth, the Fifth; Tte minor falls, t!e major lifts
===== 368 3
It goes like this, thq fourth, the fifth; T.e minor falls, t!e major lifts
===== 498 2
It goes like this, th{ fourth, the fifth; The minor falls, t!e major lifts
===== 534 1
It goes like this, the fourth, the Fifth; The minor falls, the major lifts
===== 782 0
It goes like this, the fourth, the fifth; The minor falls, the major lifts
